<?xml version="1.0" encoding="UTF-8"?>
<!-- Generated by org.testng.reporters.JUnitXMLReporter -->
<testsuite hostname="Nejlas-MacBook-Air.local" ignored="0" name="Default test" tests="5" failures="0" timestamp="04 Jul 2018 22:41:10 GMT" time="32.598" errors="0">
  <testcase name="countryByMedal" time="4.135" classname="olympics.OlympicMedals"/>
  <testcase name="getIndex" time="3.254" classname="olympics.OlympicMedals"/>
  <testcase name="getSum" time="4.788" classname="olympics.OlympicMedals"/>
  <testcase name="sortTest" time="3.988" classname="olympics.OlympicMedals"/>
  <testcase name="theMost" time="7.44" classname="olympics.OlympicMedals"/>
</testsuite> <!-- Default test -->
